#
# There is insufficient memory for the Java Runtime Environment to continue.
# Native memory allocation (malloc) failed to allocate 820976 bytes for Chunk::new
# Possible reasons:
#   The system is out of physical RAM or swap space
#   In 32 bit mode, the process size limit was hit
# Possible solutions:
#   Reduce memory load on the system
#   Increase physical memory or swap space
#   Check if swap backing store is full
#   Use 64 bit Java on a 64 bit OS
#   Decrease Java heap size (-Xmx/-Xms)
#   Decrease number of Java threads
#   Decrease Java thread stack sizes (-Xss)
#   Set larger code cache with -XX:ReservedCodeCacheSize=
# This output file may be truncated or incomplete.
#
#  Out of Memory Error (allocation.cpp:390), pid=3184, tid=7300
#
# JRE version: Java(TM) SE Runtime Environment (8.0_60-b27) (build 1.8.0_60-b27)
# Java VM: Java HotSpot(TM) 64-Bit Server VM (25.60-b23 mixed mode windows-amd64 compressed oops)
# Failed to write core dump. Minidumps are not enabled by default on client versions of Windows
#

---------------  T H R E A D  ---------------

Current thread (0x00000000174f1000):  JavaThread "C2 CompilerThread2" daemon [_thread_in_native, id=7300, stack(0x0000000017c60000,0x0000000017d60000)]

Stack: [0x0000000017c60000,0x0000000017d60000]
[error occurred during error reporting (printing stack bounds), id 0xc0000005]

Native frames: (J=compiled Java code, j=interpreted, Vv=VM code, C=native code)


Current CompileTask:
C2:   2367 1445       4       com.android.dx.ssa.SsaRenamer$BlockRenamer::process (191 bytes)


---------------  P R O C E S S  ---------------

Java Threads: ( => current thread )
  0x000000001758f000 JavaThread "Service Thread" daemon [_thread_blocked, id=4268, stack(0x0000000017e60000,0x0000000017f60000)]
  0x00000000174f4000 JavaThread "C1 CompilerThread3" daemon [_thread_blocked, id=8096, stack(0x0000000017d60000,0x0000000017e60000)]
=>0x00000000174f1000 JavaThread "C2 CompilerThread2" daemon [_thread_in_native, id=7300, stack(0x0000000017c60000,0x0000000017d60000)]
  0x00000000174e8800 JavaThread "C2 CompilerThread1" daemon [_thread_in_native, id=7472, stack(0x0000000017b60000,0x0000000017c60000)]
  0x00000000174e4000 JavaThread "C2 CompilerThread0" daemon [_thread_in_native, id=7176, stack(0x0000000017a60000,0x0000000017b60000)]
  0x0000000017498000 JavaThread "Attach Listener" daemon [_thread_blocked, id=4012, stack(0x0000000017960000,0x0000000017a60000)]
  0x0000000017497800 JavaThread "Signal Dispatcher" daemon [_thread_blocked, id=6372, stack(0x0000000017860000,0x0000000017960000)]
  0x00000000028da000 JavaThread "Finalizer" daemon [_thread_blocked, id=5076, stack(0x00000000172f0000,0x00000000173f0000)]
  0x00000000028d3000 JavaThread "Reference Handler" daemon [_thread_blocked, id=2324, stack(0x00000000171f0000,0x00000000172f0000)]
  0x00000000027de000 JavaThread "main" [_thread_in_Java, id=7428, stack(0x0000000002680000,0x0000000002780000)]

Other Threads:
  0x00000000153f9000 VMThread [stack: 0x00000000170f0000,0x00000000171f0000] [id=1608]
  0x00000000175dd800 WatcherThread [stack: 0x0000000017f60000,0x0000000018060000] [id=5316]

VM state:not at safepoint (normal execution)

VM Mutex/Monitor currently owned by a thread: None

Heap:
 PSYoungGen      total 37888K, used 11174K [0x00000000eab00000, 0x00000000ef500000, 0x0000000100000000)
  eden space 32768K, 18% used [0x00000000eab00000,0x00000000eb0e9d30,0x00000000ecb00000)
  from space 5120K, 99% used [0x00000000ed000000,0x00000000ed4ffc88,0x00000000ed500000)
  to   space 5120K, 0% used [0x00000000ecb00000,0x00000000ecb00000,0x00000000ed000000)
 ParOldGen       total 86016K, used 6587K [0x00000000c0000000, 0x00000000c5400000, 0x00000000eab00000)
  object space 86016K, 7% used [0x00000000c0000000,0x00000000c066ee00,0x00000000c5400000)
 Metaspace       used 5959K, capacity 7088K, committed 7296K, reserved 1056768K
  class space    used 568K, capacity 616K, committed 640K, reserved 1048576K

Card table byte_map: [0x0000000011ca0000,0x0000000011eb0000] byte_map_base: 0x00000000116a0000

Marking Bits: (ParMarkBitMap*) 0x00000000697ea5b0
 Begin Bits: [0x0000000012810000, 0x0000000013810000)
 End Bits:   [0x0000000013810000, 0x0000000014810000)

Polling page: 0x0000000002780000

CodeCache: size=245760Kb used=6583Kb max_used=6583Kb free=239176Kb
 bounds [0x00000000028e0000, 0x0000000002f60000, 0x00000000118e0000]
 total_blobs=1843 nmethods=1576 adapters=180
 compilation: enabled

Compilation events (10 events):
Event: 2.300 Thread 0x00000000174f4000 1587       3       com.android.dx.ssa.SCCP::simulateMath (424 bytes)
Event: 2.302 Thread 0x00000000174f4000 nmethod 1587 0x0000000002f35a10 code [0x0000000002f35cc0, 0x0000000002f37608]
Event: 2.319 Thread 0x00000000174f4000 1588       3       com.android.dx.rop.code.Rops::pickIf (154 bytes)
Event: 2.320 Thread 0x00000000174f4000 nmethod 1588 0x0000000002f33e10 code [0x0000000002f340a0, 0x0000000002f35218]
Event: 2.330 Thread 0x00000000174f4000 1589       3       com.android.dx.rop.cst.CstString::<init> (42 bytes)
Event: 2.330 Thread 0x00000000174f4000 nmethod 1589 0x0000000002f33410 code [0x0000000002f335e0, 0x0000000002f33b78]
Event: 2.334 Thread 0x00000000174f4000 1591       3       com.android.dx.rop.code.Rops::opMarkLocal (69 bytes)
Event: 2.335 Thread 0x00000000174f4000 nmethod 1591 0x0000000002f51a90 code [0x0000000002f51cc0, 0x0000000002f52898]
Event: 2.337 Thread 0x00000000174f4000 1592       3       com.android.dx.rop.code.BasicBlockList$RegCountVisitor::visitThrowingInsn (6 bytes)
Event: 2.338 Thread 0x00000000174f4000 nmethod 1592 0x0000000002f33090 code [0x0000000002f33200, 0x0000000002f33388]

GC Heap History (4 events):
Event: 1.677 GC heap before
{Heap before GC invocations=1 (full 0):
 PSYoungGen      total 37888K, used 32768K [0x00000000eab00000, 0x00000000ed500000, 0x0000000100000000)
  eden space 32768K, 100% used [0x00000000eab00000,0x00000000ecb00000,0x00000000ecb00000)
  from space 5120K, 0% used [0x00000000ed000000,0x00000000ed000000,0x00000000ed500000)
  to   space 5120K, 0% used [0x00000000ecb00000,0x00000000ecb00000,0x00000000ed000000)
 ParOldGen       total 86016K, used 0K [0x00000000c0000000, 0x00000000c5400000, 0x00000000eab00000)
  object space 86016K, 0% used [0x00000000c0000000,0x00000000c0000000,0x00000000c5400000)
 Metaspace       used 5822K, capacity 6960K, committed 7040K, reserved 1056768K
  class space    used 567K, capacity 616K, committed 640K, reserved 1048576K
Event: 1.692 GC heap after
Heap after GC invocations=1 (full 0):
 PSYoungGen      total 37888K, used 5106K [0x00000000eab00000, 0x00000000ed500000, 0x0000000100000000)
  eden space 32768K, 0% used [0x00000000eab00000,0x00000000eab00000,0x00000000ecb00000)
  from space 5120K, 99% used [0x00000000ecb00000,0x00000000ecffcab8,0x00000000ed000000)
  to   space 5120K, 0% used [0x00000000ed000000,0x00000000ed000000,0x00000000ed500000)
 ParOldGen       total 86016K, used 1718K [0x00000000c0000000, 0x00000000c5400000, 0x00000000eab00000)
  object space 86016K, 1% used [0x00000000c0000000,0x00000000c01ad910,0x00000000c5400000)
 Metaspace       used 5822K, capacity 6960K, committed 7040K, reserved 1056768K
  class space    used 567K, capacity 616K, committed 640K, reserved 1048576K
}
Event: 2.209 GC heap before
{Heap before GC invocations=2 (full 0):
 PSYoungGen      total 37888K, used 37874K [0x00000000eab00000, 0x00000000ed500000, 0x0000000100000000)
  eden space 32768K, 100% used [0x00000000eab00000,0x00000000ecb00000,0x00000000ecb00000)
  from space 5120K, 99% used [0x00000000ecb00000,0x00000000ecffcab8,0x00000000ed000000)
  to   space 5120K, 0% used [0x00000000ed000000,0x00000000ed000000,0x00000000ed500000)
 ParOldGen       total 86016K, used 1718K [0x00000000c0000000, 0x00000000c5400000, 0x00000000eab00000)
  object space 86016K, 1% used [0x00000000c0000000,0x00000000c01ad910,0x00000000c5400000)
 Metaspace       used 5949K, capacity 7088K, committed 7296K, reserved 1056768K
  class space    used 568K, capacity 616K, committed 640K, reserved 1048576K
Event: 2.254 GC heap after
Heap after GC invocations=2 (full 0):
 PSYoungGen      total 37888K, used 5119K [0x00000000eab00000, 0x00000000ef500000, 0x0000000100000000)
  eden space 32768K, 0% used [0x00000000eab00000,0x00000000eab00000,0x00000000ecb00000)
  from space 5120K, 99% used [0x00000000ed000000,0x00000000ed4ffc88,0x00000000ed500000)
  to   space 5120K, 0% used [0x00000000ecb00000,0x00000000ecb00000,0x00000000ed000000)
 ParOldGen       total 86016K, used 6587K [0x00000000c0000000, 0x00000000c5400000, 0x00000000eab00000)
  object space 86016K, 7% used [0x00000000c0000000,0x00000000c066ee00,0x00000000c5400000)
 Metaspace       used 5949K, capacity 7088K, committed 7296K, reserved 1056768K
  class space    used 568K, capacity 616K, committed 640K, reserved 1048576K
}

Deoptimization events (10 events):
Event: 1.264 Thread 0x00000000027de000 Uncommon trap: reason=unstable_if action=reinterpret pc=0x0000000002b41974 method=java.util.BitSet.ensureCapacity(I)V @ 6
Event: 1.352 Thread 0x00000000027de000 Uncommon trap: reason=class_check action=maybe_recompile pc=0x0000000002b7f56c method=com.android.dx.rop.type.Type.equals(Ljava/lang/Object;)Z @ 8
Event: 1.352 Thread 0x00000000027de000 Uncommon trap: reason=class_check action=maybe_recompile pc=0x0000000002b7f56c method=com.android.dx.rop.type.Type.equals(Ljava/lang/Object;)Z @ 8
Event: 1.356 Thread 0x00000000027de000 Uncommon trap: reason=class_check action=maybe_recompile pc=0x0000000002b7f56c method=com.android.dx.rop.type.Type.equals(Ljava/lang/Object;)Z @ 8
Event: 1.356 Thread 0x00000000027de000 Uncommon trap: reason=class_check action=maybe_recompile pc=0x0000000002b7f56c method=com.android.dx.rop.type.Type.equals(Ljava/lang/Object;)Z @ 8
Event: 1.559 Thread 0x00000000027de000 Uncommon trap: reason=unstable_if action=reinterpret pc=0x0000000002d57604 method=com.android.dx.rop.code.RegisterSpecSet.<init>(I)V @ 2
Event: 1.882 Thread 0x00000000027de000 Uncommon trap: reason=unstable_if action=reinterpret pc=0x0000000002cfbc5c method=com.android.dx.rop.cst.Constant.compareTo(Lcom/android/dx/rop/cst/Constant;)I @ 12
Event: 2.145 Thread 0x00000000027de000 Uncommon trap: reason=unstable_if action=reinterpret pc=0x0000000002e40b38 method=com.android.dx.ssa.SCCP.simulateBranch(Lcom/android/dx/ssa/SsaInsn;)V @ 64
Event: 2.150 Thread 0x00000000027de000 Uncommon trap: reason=unloaded action=reinterpret pc=0x0000000002e81084 method=com.android.dx.ssa.LiteralOpUpgrader$1.visitNonMoveInsn(Lcom/android/dx/ssa/NormalSsaInsn;)V @ 72
Event: 2.151 Thread 0x00000000027de000 Uncommon trap: reason=unstable_if action=reinterpret pc=0x0000000002cb629c method=com.android.dx.ssa.SsaMethod.updateOneDefinition(Lcom/android/dx/ssa/SsaInsn;Lcom/android/dx/rop/code/RegisterSpec;)V @ 4

Internal exceptions (2 events):
Event: 0.050 Thread 0x00000000027de000 Exception <a 'java/lang/NoSuchMethodError': Method sun.misc.Unsafe.defineClass(Ljava/lang/String;[BII)Ljava/lang/Class; name or signature does not match> (0x00000000eab12d70) thrown at [C:\re\workspace\8-2-build-windows-amd64-cygwin\jdk8u60\4407\hotspot\sr!ต}c2เฉ?
Event: 0.051 Thread 0x00000000027de000 Exception <a 'java/lang/NoSuchMethodError': Method sun.misc.Unsafe.prefetchRead(Ljava/lang/Object;J)V name or signature does not match> (0x00000000eab13058) thrown at [C:\re\workspace\8-2-build-windows-amd64-cygwin\jdk8u60\4407\hotspot\src\share\vm\prims\j

Events (10 events):
Event: 2.150 Thread 0x00000000027de000 Uncommon trap: trap_request=0x0000004e fr.pc=0x0000000002e81084
Event: 2.150 loading class com/android/dx/rop/code/RegOps
Event: 2.150 loading class com/android/dx/rop/code/RegOps done
Event: 2.151 Thread 0x00000000027de000 DEOPT PACKING pc=0x0000000002e81084 sp=0x000000000277e440
Event: 2.151 Thread 0x00000000027de000 DEOPT UNPACKING pc=0x000000000292582a sp=0x000000000277e408 mode 2
Event: 2.151 Thread 0x00000000027de000 Uncommon trap: trap_request=0xffffff65 fr.pc=0x0000000002cb629c
Event: 2.151 Thread 0x00000000027de000 DEOPT PACKING pc=0x0000000002cb629c sp=0x000000000277e280
Event: 2.151 Thread 0x00000000027de000 DEOPT UNPACKING pc=0x000000000292582a sp=0x000000000277e228 mode 2
Event: 2.209 Executing VM operation: ParallelGCFailedAllocation
Event: 2.254 Executing VM operation: ParallelGCFailedAllocation done


Dynamic libraries:
0x00007ff722ab0000 - 0x00007ff722ae7000 	D:\Program Files\Java\jdk1.8.0_60\bin\java.exe
0x00007ff872010000 - 0x00007ff8721d1000 	C:\WINDOWS\SYSTEM32\ntdll.dll
0x00007ff8703e0000 - 0x00007ff87048d000 	C:\WINDOWS\system32\KERNEL32.DLL
0x00007ff86eb90000 - 0x00007ff86ed6d000 	C:\WINDOWS\system32\KERNELBASE.dll
0x00007ff870110000 - 0x00007ff8701b6000 	C:\WINDOWS\system32\ADVAPI32.dll
0x00007ff8701c0000 - 0x00007ff87025d000 	C:\WINDOWS\system32\msvcrt.dll
0x00007ff870310000 - 0x00007ff87036b000 	C:\WINDOWS\system32\sechost.dll
0x00007ff86fce0000 - 0x00007ff86fe06000 	C:\WINDOWS\system32\RPCRT4.dll
0x00007ff86ff70000 - 0x00007ff8700be000 	C:\WINDOWS\system32\USER32.dll
0x00007ff86fa60000 - 0x00007ff86fbe6000 	C:\WINDOWS\system32\GDI32.dll
0x00007ff864cf0000 - 0x00007ff864f64000 	C:\WINDOWS\WinSxS\amd64_microsoft.windows.common-controls_6595b64144ccf1df_6.0.10240.16384_none_f41f7b285750ef43\COMCTL32.dll
0x00007ff8700c0000 - 0x00007ff8700f6000 	C:\WINDOWS\system32\IMM32.DLL
0x00007ff86fe10000 - 0x00007ff86ff6c000 	C:\WINDOWS\system32\MSCTF.dll
0x0000000068ba0000 - 0x0000000068c72000 	D:\Program Files\Java\jdk1.8.0_60\jre\bin\msvcr100.dll
0x0000000068fe0000 - 0x0000000069869000 	D:\Program Files\Java\jdk1.8.0_60\jre\bin\server\jvm.dll
0x00007ff870100000 - 0x00007ff870108000 	C:\WINDOWS\system32\PSAPI.DLL
0x00007ff8661f0000 - 0x00007ff8661f9000 	C:\WINDOWS\SYSTEM32\WSOCK32.dll
0x00007ff86cc50000 - 0x00007ff86cc73000 	C:\WINDOWS\SYSTEM32\WINMM.dll
0x00007ff86b4d0000 - 0x00007ff86b4da000 	C:\WINDOWS\SYSTEM32\VERSION.dll
0x00007ff871b10000 - 0x00007ff871b79000 	C:\WINDOWS\system32\WS2_32.dll
0x00007ff871cc0000 - 0x00007ff871cc8000 	C:\WINDOWS\system32\NSI.dll
0x00007ff86cb40000 - 0x00007ff86cb6c000 	C:\WINDOWS\SYSTEM32\WINMMBASE.dll
0x00007ff86edd0000 - 0x00007ff86ee14000 	C:\WINDOWS\system32\cfgmgr32.dll
0x00007ff86d3d0000 - 0x00007ff86d3f7000 	C:\WINDOWS\SYSTEM32\DEVOBJ.dll
0x0000000068fd0000 - 0x0000000068fdf000 	D:\Program Files\Java\jdk1.8.0_60\jre\bin\verify.dll
0x0000000068fa0000 - 0x0000000068fc9000 	D:\Program Files\Java\jdk1.8.0_60\jre\bin\java.dll
0x0000000068f80000 - 0x0000000068f96000 	D:\Program Files\Java\jdk1.8.0_60\jre\bin\zip.dll
0x00007ff870490000 - 0x00007ff8719b2000 	C:\WINDOWS\system32\SHELL32.dll
0x00007ff86eee0000 - 0x00007ff86f509000 	C:\WINDOWS\system32\windows.storage.dll
0x00007ff871d90000 - 0x00007ff87200c000 	C:\WINDOWS\system32\combase.dll
0x00007ff86fc00000 - 0x00007ff86fc51000 	C:\WINDOWS\system32\shlwapi.dll
0x00007ff86eab0000 - 0x00007ff86eabf000 	C:\WINDOWS\system32\kernel.appcore.dll
0x00007ff86ee20000 - 0x00007ff86eed3000 	C:\WINDOWS\system32\shcore.dll
0x00007ff86ea60000 - 0x00007ff86eaaa000 	C:\WINDOWS\system32\powrprof.dll
0x00007ff86ea40000 - 0x00007ff86ea53000 	C:\WINDOWS\system32\profapi.dll

VM Arguments:
jvm_args: -Xmx1024M -Dfile.encoding=GBK -Duser.country=CN -Duser.language=zh -Duser.variant 
java_command: com.android.dx.command.Main --dex --output E:\Android\20150910\second\MyApplication\app\build\intermediates\pre-dexed\debug\internal_impl-22.1.1-dfac50b4b5d4af0141428b3e20ffc9027e4296c5.jar E:\Android\20150910\second\MyApplication\app\build\intermediates\exploded-aar\com.android.support\support-v4\22.1.1\jars\libs\internal_impl-22.1.1.jar
java_class_path (initial): D:\Android Studio\build-tools\22.0.1\lib\dx.jar
Launcher Type: SUN_STANDARD

Environment Variables:
JAVA_HOME=D:\Program Files\Java\jdk1.8.0_60
PATH=D:\Program Files\Java\jdk1.8.0_60\bin;C:\ProgramData\Oracle\Java\javapath;C:\Program Files (x86)\PC Connectivity Solution\;C:\WINDOWS\system32;C:\WINDOWS;C:\WINDOWS\System32\Wbem;C:\WINDOWS\System32\WindowsPowerShell\v1.0\;C:\WINDOWS\system32\config\systemprofile\.dnx\bin;C:\Program Files\Microsoft DNX\Dnvm\;C:\Program Files\Microsoft SQL Server\120\Tools\Binn\;C:\Program Files (x86)\ATI Technologies\ATI.ACE\Core-Static;C:\Program Files (x86)\AMD\ATI.ACE\Core-Static;C:\Program Files (x86)\Windows Kits\8.1\Windows Performance Toolkit\;C:\Program Files (x86)\Microsoft Emulator Manager\1.0\;C:\Program Files (x86)\nodejs\;C:\Program Files (x86)\GtkSharp\2.12\bin;C:\Program Files\Microsoft\Web Platform Installer\;C:\Users\yupen\AppData\Roaming\npm;C:\Users\yupen\AppData\Local\Code\bin
USERNAME=YuPeng
OS=Windows_NT
PROCESSOR_IDENTIFIER=Intel64 Family 6 Model 42 Stepping 7, GenuineIntel



---------------  S Y S T E M  ---------------

OS: Windows 10.0 , 64 bit Build 10240 (10.0.10240.16384)

CPU:total 8 (4 cores per cpu, 2 threads per core) family 6 model 42 stepping 7, cmov, cx8, fxsr, mmx, sse, sse2, sse3, ssse3, sse4.1, sse4.2, popcnt, avx, aes, clmul, ht, tsc, tscinvbit

Memory: 4k page, physical 8231284k(1926284k free), swap 8231284k(5364k free)

vm_info: Java HotSpot(TM) 64-Bit Server VM (25.60-b23) for windows-amd64 JRE (1.8.0_60-b27), built on Aug  4 2015 11:06:27 by "java_re" with MS VC++ 10.0 (VS2010)

time: Thu Sep 10 20:13:07 2015
elapsed time: 2 seconds (0d 0h 0m 2s)

